<?xml version="1.0" encoding="UTF-8"?>
<!-- Generated by org.testng.reporters.JUnitReportReporter -->
<testsuite hostname="Atlantis" name="ru.work.web.test.MapperTest" tests="1" failures="0" timestamp="26 May 2017 10:32:51 GMT" time="0.007" errors="0">
  <testcase name="testGetStudent" time="0.007" classname="ru.work.web.test.MapperTest"/>
</testsuite> <!-- ru.work.web.test.MapperTest -->
